<?xml version="1.0" encoding="UTF-8"?>
<robot generator="Robot 6.0.2 (Python 3.11.1 on win32)" generated="20230215 20:39:16.878" rpa="false" schemaversion="3">
<suite id="s1" name="Krychkovska Robotframework" source="C:\Users\vkryc\Documents\GitHub\krychkovska_robotframework">
<suite id="s1-s1" name="Test Login" source="C:\Users\vkryc\Documents\GitHub\krychkovska_robotframework\test_login.robot">
<test id="s1-s1-t1" name="Searching name in players page" line="41">
<kw name="Open login page">
<kw name="Open Browser" library="SeleniumLibrary">
<arg>${LOGIN URL}</arg>
<arg>${BROWSER}</arg>
<doc>Opens a new browser instance to the optional ``url``.</doc>
<msg timestamp="20230215 20:39:17.201" level="INFO">Opening browser 'Chrome' to base url 'https://scouts-test.futbolkolektyw.pl/en'.</msg>
<status status="PASS" starttime="20230215 20:39:17.190" endtime="20230215 20:39:19.287"/>
</kw>
<kw name="Title Should Be" library="SeleniumLibrary">
<arg>Scouts panel - sign in</arg>
<doc>Verifies that the current page title equals ``title``.</doc>
<msg timestamp="20230215 20:39:19.294" level="INFO">Page title is 'Scouts panel - sign in'.</msg>
<status status="PASS" starttime="20230215 20:39:19.287" endtime="20230215 20:39:19.294"/>
</kw>
<status status="PASS" starttime="20230215 20:39:17.190" endtime="20230215 20:39:19.294"/>
</kw>
<kw name="Type in email">
<kw name="Input Text" library="SeleniumLibrary">
<arg>${EMAILINPUT}</arg>
<arg>user07@getnada.com</arg>
<doc>Types the given ``text`` into the text field identified by ``locator``.</doc>
<msg timestamp="20230215 20:39:19.294" level="INFO">Typing text 'user07@getnada.com' into text field 'xpath=//*[@id='login']'.</msg>
<status status="PASS" starttime="20230215 20:39:19.294" endtime="20230215 20:39:19.499"/>
</kw>
<status status="PASS" starttime="20230215 20:39:19.294" endtime="20230215 20:39:19.500"/>
</kw>
<kw name="Type in password">
<kw name="Input Text" library="SeleniumLibrary">
<arg>${PASSWORDINPUT}</arg>
<arg>Test-1234</arg>
<doc>Types the given ``text`` into the text field identified by ``locator``.</doc>
<msg timestamp="20230215 20:39:19.500" level="INFO">Typing text 'Test-1234' into text field 'xpath=//*[@id='password']'.</msg>
<status status="PASS" starttime="20230215 20:39:19.500" endtime="20230215 20:39:19.785"/>
</kw>
<status status="PASS" starttime="20230215 20:39:19.500" endtime="20230215 20:39:19.785"/>
</kw>
<kw name="Click on the Submit button">
<kw name="Click Element" library="SeleniumLibrary">
<arg>xpath=//*[text() = 'Sign in']</arg>
<doc>Click the element identified by ``locator``.</doc>
<msg timestamp="20230215 20:39:19.785" level="INFO">Clicking element 'xpath=//*[text() = 'Sign in']'.</msg>
<status status="PASS" starttime="20230215 20:39:19.785" endtime="20230215 20:39:19.889"/>
</kw>
<status status="PASS" starttime="20230215 20:39:19.785" endtime="20230215 20:39:19.889"/>
</kw>
<kw name="Assert dashboard">
<kw name="Wait Until Element Is Visible" library="SeleniumLibrary">
<arg>${PAGELOGO}</arg>
<doc>Waits until the element ``locator`` is visible.</doc>
<status status="PASS" starttime="20230215 20:39:19.889" endtime="20230215 20:39:22.350"/>
</kw>
<kw name="Title Should Be" library="SeleniumLibrary">
<arg>Scouts panel</arg>
<doc>Verifies that the current page title equals ``title``.</doc>
<msg timestamp="20230215 20:39:22.354" level="INFO">Page title is 'Scouts panel'.</msg>
<status status="PASS" starttime="20230215 20:39:22.352" endtime="20230215 20:39:22.354"/>
</kw>
<status status="PASS" starttime="20230215 20:39:19.889" endtime="20230215 20:39:22.354"/>
</kw>
<kw name="Click on the Players button">
<kw name="Click Element" library="SeleniumLibrary">
<arg>xpath=//div[1]/div/div/div/ul[1]/div[2]</arg>
<doc>Click the element identified by ``locator``.</doc>
<msg timestamp="20230215 20:39:22.361" level="INFO">Clicking element 'xpath=//div[1]/div/div/div/ul[1]/div[2]'.</msg>
<status status="PASS" starttime="20230215 20:39:22.361" endtime="20230215 20:39:22.424"/>
</kw>
<status status="PASS" starttime="20230215 20:39:22.361" endtime="20230215 20:39:22.424"/>
</kw>
<kw name="Sleep" library="BuiltIn">
<arg>3s</arg>
<doc>Pauses the test executed for the given time.</doc>
<msg timestamp="20230215 20:39:25.424" level="INFO">Slept 3 seconds</msg>
<status status="PASS" starttime="20230215 20:39:22.424" endtime="20230215 20:39:25.424"/>
</kw>
<kw name="Scroll">
<kw name="Scroll Element Into View" library="SeleniumLibrary">
<arg>xpath=//*[@aria-label = 'Filter Table']</arg>
<doc>Scrolls the element identified by ``locator`` into view.</doc>
<status status="PASS" starttime="20230215 20:39:25.424" endtime="20230215 20:39:25.717"/>
</kw>
<status status="PASS" starttime="20230215 20:39:25.424" endtime="20230215 20:39:25.717"/>
</kw>
<kw name="Click on Filter table button">
<kw name="Click Element" library="SeleniumLibrary">
<arg>xpath=//*[@aria-label = 'Filter Table']</arg>
<doc>Click the element identified by ``locator``.</doc>
<msg timestamp="20230215 20:39:25.717" level="INFO">Clicking element 'xpath=//*[@aria-label = 'Filter Table']'.</msg>
<status status="PASS" starttime="20230215 20:39:25.717" endtime="20230215 20:39:25.805"/>
</kw>
<status status="PASS" starttime="20230215 20:39:25.717" endtime="20230215 20:39:25.805"/>
</kw>
<kw name="Type name in the Name field">
<kw name="Input Text" library="SeleniumLibrary">
<arg>${NAMEINPUT}</arg>
<arg>cat</arg>
<doc>Types the given ``text`` into the text field identified by ``locator``.</doc>
<msg timestamp="20230215 20:39:25.805" level="INFO">Typing text 'cat' into text field 'xpath=//div[1]/div/div/div/input'.</msg>
<status status="PASS" starttime="20230215 20:39:25.805" endtime="20230215 20:39:26.050"/>
</kw>
<status status="PASS" starttime="20230215 20:39:25.805" endtime="20230215 20:39:26.050"/>
</kw>
<kw name="Close Filter tab window">
<kw name="Click Element" library="SeleniumLibrary">
<arg>xpath=//*[@aria-label = 'Close']</arg>
<doc>Click the element identified by ``locator``.</doc>
<msg timestamp="20230215 20:39:26.055" level="INFO">Clicking element 'xpath=//*[@aria-label = 'Close']'.</msg>
<status status="PASS" starttime="20230215 20:39:26.053" endtime="20230215 20:39:26.127"/>
</kw>
<status status="PASS" starttime="20230215 20:39:26.053" endtime="20230215 20:39:26.127"/>
</kw>
<kw name="Close Browser" library="SeleniumLibrary" type="TEARDOWN">
<doc>Closes the current browser.</doc>
<status status="PASS" starttime="20230215 20:39:26.127" endtime="20230215 20:39:28.316"/>
</kw>
<status status="PASS" starttime="20230215 20:39:17.190" endtime="20230215 20:39:28.319"/>
</test>
<doc>Suite description #automated tests for scout website</doc>
<status status="PASS" starttime="20230215 20:39:16.906" endtime="20230215 20:39:28.319"/>
</suite>
<status status="PASS" starttime="20230215 20:39:16.878" endtime="20230215 20:39:28.348"/>
</suite>
<statistics>
<total>
<stat pass="1" fail="0" skip="0">All Tests</stat>
</total>
<tag>
</tag>
<suite>
<stat pass="1" fail="0" skip="0" id="s1" name="Krychkovska Robotframework">Krychkovska Robotframework</stat>
<stat pass="1" fail="0" skip="0" id="s1-s1" name="Test Login">Krychkovska Robotframework.Test Login</stat>
</suite>
</statistics>
<errors>
</errors>
</robot>
